Using pre-set license
Built from '2022.3/staging' branch; Version is '2022.3.16f1 (d2c21f0ef2f1) revision 13812255'; Using compiler version '192829333'; Build Type 'Release'
OS: 'Windows 11  (10.0.22631) 64bit Professional' Language: 'ko' Physical Memory: 15556 MB
BatchMode: 1, IsHumanControllingUs: 0, StartBugReporterOnCrash: 0, Is64bit: 1, IsPro: 1

COMMAND LINE ARGUMENTS:
D:\UNITY\2022.3.16f1\Editor\Unity.exe
-adb2
-batchMode
-noUpm
-name
AssetImportWorker2
-projectPath
D:/UNITY/Run&Jump
-logFile
Logs/AssetImportWorker2.log
-srvPort
56227
Successfully changed project path to: D:/UNITY/Run&Jump
D:/UNITY/Run&Jump
[UnityMemory] Configuration Parameters - Can be set up in boot.config
    "memorysetup-bucket-allocator-granularity=16"
    "memorysetup-bucket-allocator-bucket-count=8"
    "memorysetup-bucket-allocator-block-size=33554432"
    "memorysetup-bucket-allocator-block-count=8"
    "memorysetup-main-allocator-block-size=16777216"
    "memorysetup-thread-allocator-block-size=16777216"
    "memorysetup-gfx-main-allocator-block-size=16777216"
    "memorysetup-gfx-thread-allocator-block-size=16777216"
    "memorysetup-cache-allocator-block-size=4194304"
    "memorysetup-typetree-allocator-block-size=2097152"
    "memorysetup-profiler-bucket-allocator-granularity=16"
    "memorysetup-profiler-bucket-allocator-bucket-count=8"
    "memorysetup-profiler-bucket-allocator-block-size=33554432"
    "memorysetup-profiler-bucket-allocator-block-count=8"
    "memorysetup-profiler-allocator-block-size=16777216"
    "memorysetup-profiler-editor-allocator-block-size=1048576"
    "memorysetup-temp-allocator-size-main=16777216"
    "memorysetup-job-temp-allocator-block-size=2097152"
    "memorysetup-job-temp-allocator-block-size-background=1048576"
    "memorysetup-job-temp-allocator-reduction-small-platforms=262144"
    "memorysetup-allocator-temp-initial-block-size-main=262144"
    "memorysetup-allocator-temp-initial-block-size-worker=262144"
    "memorysetup-temp-allocator-size-background-worker=32768"
    "memorysetup-temp-allocator-size-job-worker=262144"
    "memorysetup-temp-allocator-size-preload-manager=33554432"
    "memorysetup-temp-allocator-size-nav-mesh-worker=65536"
    "memorysetup-temp-allocator-size-audio-worker=65536"
    "memorysetup-temp-allocator-size-cloud-worker=32768"
    "memorysetup-temp-allocator-size-gi-baking-worker=262144"
    "memorysetup-temp-allocator-size-gfx=262144"
Player connection [18832] Host "[IP] 172.27.192.1 [Port] 0 [Flags] 2 [Guid] 3305526996 [EditorId] 3305526996 [Version] 1048832 [Id] WindowsEditor(7,kimdh) [Debug] 1 [PackageName] WindowsEditor [ProjectName] Editor" joined multi-casting on [225.0.0.222:54997]...

Player connection [18832] Host "[IP] 172.27.192.1 [Port] 0 [Flags] 2 [Guid] 3305526996 [EditorId] 3305526996 [Version] 1048832 [Id] WindowsEditor(7,kimdh) [Debug] 1 [PackageName] WindowsEditor [ProjectName] Editor" joined alternative multi-casting on [225.0.0.222:34997]...

[Physics::Module] Initialized MultithreadedJobDispatcher with 15 workers.
Refreshing native plugins compatible for Editor in 11.04 ms, found 3 plugins.
Preloading 0 native plugins for Editor in 0.00 ms.
Initialize engine version: 2022.3.16f1 (d2c21f0ef2f1)
[Subsystems] Discovering subsystems at path D:/UNITY/2022.3.16f1/Editor/Data/Resources/UnitySubsystems
[Subsystems] Discovering subsystems at path D:/UNITY/Run&Jump/Assets
GfxDevice: creating device client; threaded=0; jobified=0
Direct3D:
    Version:  Direct3D 11.0 [level 11.1]
    Renderer: NVIDIA GeForce RTX 3060 Laptop GPU (ID=0x2560)
    Vendor:   NVIDIA
    VRAM:     6009 MB
    Driver:   31.0.15.3732
Initialize mono
Mono path[0] = 'D:/UNITY/2022.3.16f1/Editor/Data/Managed'
Mono path[1] = 'D:/UNITY/2022.3.16f1/Editor/Data/MonoBleedingEdge/lib/mono/unityjit-win32'
Mono config path = 'D:/UNITY/2022.3.16f1/Editor/Data/MonoBleedingEdge/etc'
Using monoOptions --debugger-agent=transport=dt_socket,embedding=1,server=y,suspend=n,address=127.0.0.1:56728
Begin MonoManager ReloadAssembly
Registering precompiled unity dll's ...
Register platform support module: D:/UNITY/2022.3.16f1/Editor/Data/PlaybackEngines/WebGLSupport/UnityEditor.WebGL.Extensions.dll
Register platform support module: D:/UNITY/2022.3.16f1/Editor/Data/PlaybackEngines/iOSSupport/UnityEditor.iOS.Extensions.dll
Register platform support module: D:/UNITY/2022.3.16f1/Editor/Data/PlaybackEngines/WindowsStandaloneSupport/UnityEditor.WindowsStandalone.Extensions.dll
Registered in 0.005776 seconds.
- Loaded All Assemblies, in  0.361 seconds
Native extension for WindowsStandalone target not found
[usbmuxd] Start listen thread
[usbmuxd] Listen thread started
Native extension for iOS target not found
Native extension for WebGL target not found
Mono: successfully reloaded assembly
- Finished resetting the current domain, in  0.253 seconds
Domain Reload Profiling: 614ms
	BeginReloadAssembly (132ms)
		ExecutionOrderSort (0ms)
		DisableScriptedObjects (0ms)
		BackupInstance (0ms)
		ReleaseScriptingObjects (0ms)
		CreateAndSetChildDomain (1ms)
	RebuildCommonClasses (40ms)
	RebuildNativeTypeToScriptingClass (9ms)
	initialDomainReloadingComplete (48ms)
	LoadAllAssembliesAndSetupDomain (132ms)
		LoadAssemblies (132ms)
		RebuildTransferFunctionScriptingTraits (0ms)
		AnalyzeDomain (129ms)
			TypeCache.Refresh (128ms)
				TypeCache.ScanAssembly (112ms)
			ScanForSourceGeneratedMonoScriptInfo (0ms)
			ResolveRequiredComponents (0ms)
	FinalizeReload (253ms)
		ReleaseScriptCaches (0ms)
		RebuildScriptCaches (0ms)
		SetupLoadedEditorAssemblies (202ms)
			LogAssemblyErrors (0ms)
			InitializePlatformSupportModulesInManaged (24ms)
			SetLoadedEditorAssemblies (5ms)
			RefreshPlugins (0ms)
			BeforeProcessingInitializeOnLoad (2ms)
			ProcessInitializeOnLoadAttributes (122ms)
			ProcessInitializeOnLoadMethodAttributes (49ms)
			AfterProcessingInitializeOnLoad (0ms)
			EditorAssembliesLoaded (0ms)
		ExecutionOrderSort2 (0ms)
		AwakeInstancesAfterBackupRestoration (0ms)
========================================================================
Worker process is ready to serve import requests
Begin MonoManager ReloadAssembly
- Loaded All Assemblies, in  0.663 seconds
Refreshing native plugins compatible for Editor in 2.83 ms, found 3 plugins.
Native extension for WindowsStandalone target not found
Native extension for iOS target not found
Native extension for WebGL target not found
Package Manager log level set to [2]
[Package Manager] Server::EnsureServerProcessIsRunning -- launch failed, reason: Unity was launched with the -noUpm command-line argument
[Package Manager] UpmClient::Send -- Unable to send message (not connected to UPM process).
[Package Manager] Cannot connect to Unity Package Manager local server
Mono: successfully reloaded assembly
- Finished resetting the current domain, in  0.598 seconds
Domain Reload Profiling: 1261ms
	BeginReloadAssembly (177ms)
		ExecutionOrderSort (0ms)
		DisableScriptedObjects (5ms)
		BackupInstance (0ms)
		ReleaseScriptingObjects (0ms)
		CreateAndSetChildDomain (33ms)
	RebuildCommonClasses (35ms)
	RebuildNativeTypeToScriptingClass (11ms)
	initialDomainReloadingComplete (42ms)
	LoadAllAssembliesAndSetupDomain (398ms)
		LoadAssemblies (319ms)
		RebuildTransferFunctionScriptingTraits (0ms)
		AnalyzeDomain (188ms)
			TypeCache.Refresh (167ms)
				TypeCache.ScanAssembly (150ms)
			ScanForSourceGeneratedMonoScriptInfo (15ms)
			ResolveRequiredComponents (4ms)
	FinalizeReload (598ms)
		ReleaseScriptCaches (0ms)
		RebuildScriptCaches (0ms)
		SetupLoadedEditorAssemblies (432ms)
			LogAssemblyErrors (0ms)
			InitializePlatformSupportModulesInManaged (22ms)
			SetLoadedEditorAssemblies (6ms)
			RefreshPlugins (0ms)
			BeforeProcessingInitializeOnLoad (59ms)
			ProcessInitializeOnLoadAttributes (325ms)
			ProcessInitializeOnLoadMethodAttributes (18ms)
			AfterProcessingInitializeOnLoad (2ms)
			EditorAssembliesLoaded (0ms)
		ExecutionOrderSort2 (0ms)
		AwakeInstancesAfterBackupRestoration (12ms)
Launched and connected shader compiler UnityShaderCompiler.exe after 0.12 seconds
Refreshing native plugins compatible for Editor in 3.18 ms, found 3 plugins.
Preloading 0 native plugins for Editor in 0.00 ms.
Unloading 3093 Unused Serialized files (Serialized files now loaded: 0)
Unloading 32 unused Assets / (56.9 KB). Loaded Objects now: 3554.
Memory consumption went from 123.2 MB to 123.1 MB.
Total: 3.379500 ms (FindLiveObjects: 0.271100 ms CreateObjectMapping: 0.108700 ms MarkObjects: 2.881700 ms  DeleteObjects: 0.117300 ms)

AssetImportParameters requested are different than current active one (requested -> active):
  custom:container-demuxer-ogg: 62fdf1f143b41e24485cea50d1cbac27 -> 
  custom:video-codec-MediaFoundation-h265: 746d11721c4dcdbdad8f713fa42b33f4 -> 
  custom:video-decoder-ogg-theora: a1e56fd34408186e4bbccfd4996cb3dc -> 
  custom:framework-win-MediaFoundation: 216162199b28c13a410421893ffa2e32 -> 
  custom:CustomObjectIndexerAttribute: 43b350a4d6e6d1791af0b5038c4bea17 -> 
  custom:container-demuxer-webm: 4f35f7cbe854078d1ac9338744f61a02 -> 
  custom:container-muxer-webm: aa71ff27fc2769a1b78a27578f13a17b -> 
  custom:video-decoder-webm-vp8: 9c59270c3fd7afecdb556c50c9e8de78 -> 
  custom:SearchIndexIgnoredProperties: e643bd26f0fe6173181afceb89e7c659 -> 
  custom:AudioImporter_EditorPlatform: d09bf68614088b80899f8185d706f6e7 -> 
  custom:video-encoder-webm-vp8: eb34c28f22e8b96e1ab97ce403110664 -> 
  custom:audio-decoder-ogg-vorbis: bf7c407c2cedff20999df2af8eb42d56 -> 
  custom:audio-encoder-webm-vorbis: bf7c407c2cedff20999df2af8eb42d56 -> 
========================================================================
Received Import Request.
  Time since last request: 109221.078459 seconds.
  path: Assets/Course Library/_Source_Files/Misc
  artifactKey: Guid(2f3a4d1e4a0204242a715db41b82ac81) Importer(815301076,1909f56bfc062723c751e8b465ee728b)
Start importing Assets/Course Library/_Source_Files/Misc using Guid(2f3a4d1e4a0204242a715db41b82ac81) Importer(815301076,1909f56bfc062723c751e8b465ee728b)  -> (artifact id: '7214130aff27020db2906c716a98f8ae') in 0.002693 seconds
Number of updated asset objects reloaded before import = 0
Number of asset objects unloaded after import = 0
========================================================================
Received Import Request.
  Time since last request: 0.060497 seconds.
  path: Assets/Course Library/_Source_Files/Misc/Mask_Body.mask
  artifactKey: Guid(4244c57bb194c0e48861fc59aaf8214d) Importer(815301076,1909f56bfc062723c751e8b465ee728b)
Start importing Assets/Course Library/_Source_Files/Misc/Mask_Body.mask using Guid(4244c57bb194c0e48861fc59aaf8214d) Importer(815301076,1909f56bfc062723c751e8b465ee728b)  -> (artifact id: 'b4fc4181a7597484688d008abbaf4506') in 0.008908 seconds
Number of updated asset objects reloaded before import = 0
Number of asset objects unloaded after import = 1
========================================================================
Received Import Request.
  Time since last request: 0.000624 seconds.
  path: Assets/Course Library/_Source_Files/Misc/Mask_Head.mask
  artifactKey: Guid(f4bf3f6dc42479e47b1fd0e457094fb7) Importer(815301076,1909f56bfc062723c751e8b465ee728b)
Start importing Assets/Course Library/_Source_Files/Misc/Mask_Head.mask using Guid(f4bf3f6dc42479e47b1fd0e457094fb7) Importer(815301076,1909f56bfc062723c751e8b465ee728b)  -> (artifact id: '5b9766d4af50bf5288318ceafdb3cddc') in 0.001266 seconds
Number of updated asset objects reloaded before import = 0
Number of asset objects unloaded after import = 1
========================================================================
Received Import Request.
  Time since last request: 0.001321 seconds.
  path: Assets/Course Library/_Source_Files/Misc/SM_Prop_Barrel_01.fbx
  artifactKey: Guid(0934a3eb8623484489b357f278941c88) Importer(815301076,1909f56bfc062723c751e8b465ee728b)
Start importing Assets/Course Library/_Source_Files/Misc/SM_Prop_Barrel_01.fbx using Guid(0934a3eb8623484489b357f278941c88) Importer(815301076,1909f56bfc062723c751e8b465ee728b)  -> (artifact id: 'ea61febbc48e21a91069b13e43aee9d5') in 0.191951 seconds
Number of updated asset objects reloaded before import = 0
Number of asset objects unloaded after import = 7
========================================================================
Received Import Request.
  Time since last request: 2.758897 seconds.
  path: Assets/Course Library/Characters
  artifactKey: Guid(2ab30495d8cc04868921a3eb89f430d4) Importer(815301076,1909f56bfc062723c751e8b465ee728b)
Start importing Assets/Course Library/Characters using Guid(2ab30495d8cc04868921a3eb89f430d4) Importer(815301076,1909f56bfc062723c751e8b465ee728b)  -> (artifact id: 'e0bf58cddbbf9f53a8c8a16e6d3d0f7e') in 0.000487 seconds
Number of updated asset objects reloaded before import = 0
Number of asset objects unloaded after import = 0
========================================================================
Received Import Request.
  Time since last request: 1.079856 seconds.
  path: Assets/Course Library/Characters/Farm
  artifactKey: Guid(9032ce177a9f74d5f8e7743a2d35e3fa) Importer(815301076,1909f56bfc062723c751e8b465ee728b)
Start importing Assets/Course Library/Characters/Farm using Guid(9032ce177a9f74d5f8e7743a2d35e3fa) Importer(815301076,1909f56bfc062723c751e8b465ee728b)  -> (artifact id: '8caab96fbd96b65bb2a587c99a342c77') in 0.000756 seconds
Number of updated asset objects reloaded before import = 0
Number of asset objects unloaded after import = 0
========================================================================
Received Import Request.
  Time since last request: 0.495989 seconds.
  path: Assets/Course Library/Characters/Town
  artifactKey: Guid(1c40e59f62d66499483f34d7d8e9fc29) Importer(815301076,1909f56bfc062723c751e8b465ee728b)
Start importing Assets/Course Library/Characters/Town using Guid(1c40e59f62d66499483f34d7d8e9fc29) Importer(815301076,1909f56bfc062723c751e8b465ee728b)  -> (artifact id: '2966c0977124a7923e205dd4ee9ef160') in 0.000433 seconds
Number of updated asset objects reloaded before import = 0
Number of asset objects unloaded after import = 0
========================================================================
Received Import Request.
  Time since last request: 0.215370 seconds.
  path: Assets/Course Library/Characters/Town/SimplePeople_Man_Business_Black.prefab
  artifactKey: Guid(2f8d00bf5057f624e949aef802595da9) Importer(815301076,1909f56bfc062723c751e8b465ee728b)
Start importing Assets/Course Library/Characters/Town/SimplePeople_Man_Business_Black.prefab using Guid(2f8d00bf5057f624e949aef802595da9) Importer(815301076,1909f56bfc062723c751e8b465ee728b)  -> (artifact id: '424beb6e937ea7ed219c59f775d4c8a0') in 0.068311 seconds
Number of updated asset objects reloaded before import = 0
Number of asset objects unloaded after import = 404
========================================================================
Received Import Request.
  Time since last request: 0.000022 seconds.
  path: Assets/Course Library/Characters/Town/SimplePeople_Man_RoadWorker_Black.prefab
  artifactKey: Guid(3afad42cab5a57a4c9f19f8deaaf8689) Importer(815301076,1909f56bfc062723c751e8b465ee728b)
Start importing Assets/Course Library/Characters/Town/SimplePeople_Man_RoadWorker_Black.prefab using Guid(3afad42cab5a57a4c9f19f8deaaf8689) Importer(815301076,1909f56bfc062723c751e8b465ee728b)  -> (artifact id: 'c4ade8f377e23f17c1b82680485434bb') in 0.047178 seconds
Number of updated asset objects reloaded before import = 0
Number of asset objects unloaded after import = 404
========================================================================
Received Import Request.
  Time since last request: 0.000026 seconds.
  path: Assets/Course Library/Characters/Town/SimplePeople_Woman_Waitress_Black.prefab
  artifactKey: Guid(20847b8e912bc604b99e748a676d067b) Importer(815301076,1909f56bfc062723c751e8b465ee728b)
Start importing Assets/Course Library/Characters/Town/SimplePeople_Woman_Waitress_Black.prefab using Guid(20847b8e912bc604b99e748a676d067b) Importer(815301076,1909f56bfc062723c751e8b465ee728b)  -> (artifact id: '350384366632c97ec7f8bdd03881f111') in 0.048971 seconds
Number of updated asset objects reloaded before import = 0
Number of asset objects unloaded after import = 402
========================================================================
Received Import Request.
  Time since last request: 0.000026 seconds.
  path: Assets/Course Library/Characters/Town/SimplePeople_Man_Punk_Brown.prefab
  artifactKey: Guid(4a7c3ad7168bb834b87a91e3f94ad3d6) Importer(815301076,1909f56bfc062723c751e8b465ee728b)
Start importing Assets/Course Library/Characters/Town/SimplePeople_Man_Punk_Brown.prefab using Guid(4a7c3ad7168bb834b87a91e3f94ad3d6) Importer(815301076,1909f56bfc062723c751e8b465ee728b)  -> (artifact id: '97c17e0b8abc19bce381fdc2c334bc4a') in 0.042903 seconds
Number of updated asset objects reloaded before import = 0
Number of asset objects unloaded after import = 404
========================================================================
Received Import Request.
  Time since last request: 314.259362 seconds.
  path: Assets/Course Library/Characters/Farm/SimpleFarmer_Man_01_Black.prefab
  artifactKey: Guid(f8abbdd178867d2419ba9feb6ff2cba0) Importer(815301076,1909f56bfc062723c751e8b465ee728b)
Start importing Assets/Course Library/Characters/Farm/SimpleFarmer_Man_01_Black.prefab using Guid(f8abbdd178867d2419ba9feb6ff2cba0) Importer(815301076,1909f56bfc062723c751e8b465ee728b)  -> (artifact id: 'fb8cb0854687e9368670a0945897251f') in 0.043286 seconds
Number of updated asset objects reloaded before import = 0
Number of asset objects unloaded after import = 223
========================================================================
Received Import Request.
  Time since last request: 0.015024 seconds.
  path: Assets/Course Library/Characters/Farm/SimpleFarmer_Man_02_Brown.prefab
  artifactKey: Guid(814f4326a50812947b2469896d89a215) Importer(815301076,1909f56bfc062723c751e8b465ee728b)
Start importing Assets/Course Library/Characters/Farm/SimpleFarmer_Man_02_Brown.prefab using Guid(814f4326a50812947b2469896d89a215) Importer(815301076,1909f56bfc062723c751e8b465ee728b)  -> (artifact id: 'efb805236db5e61129bbef466ad38b34') in 0.051704 seconds
Number of updated asset objects reloaded before import = 0
Number of asset objects unloaded after import = 223
========================================================================
Received Import Request.
  Time since last request: 0.000049 seconds.
  path: Assets/Course Library/Characters/Farm/SimpleFarmer_Woman_01_White.prefab
  artifactKey: Guid(3cf7f489270aac84fb12901330960a5b) Importer(815301076,1909f56bfc062723c751e8b465ee728b)
Start importing Assets/Course Library/Characters/Farm/SimpleFarmer_Woman_01_White.prefab using Guid(3cf7f489270aac84fb12901330960a5b) Importer(815301076,1909f56bfc062723c751e8b465ee728b)  -> (artifact id: '96febd12ec383bbefcdfd4c8d48f0c4b') in 0.053559 seconds
Number of updated asset objects reloaded before import = 0
Number of asset objects unloaded after import = 223
========================================================================
Received Import Request.
  Time since last request: 0.000050 seconds.
  path: Assets/Course Library/Characters/Farm/SimpleFarmer_Woman_02_Black.prefab
  artifactKey: Guid(0e1316a3e46fdb349b6ff648610a1d71) Importer(815301076,1909f56bfc062723c751e8b465ee728b)
Start importing Assets/Course Library/Characters/Farm/SimpleFarmer_Woman_02_Black.prefab using Guid(0e1316a3e46fdb349b6ff648610a1d71) Importer(815301076,1909f56bfc062723c751e8b465ee728b)  -> (artifact id: '937856bad4aeaa8a5382f4789a32ba22') in 0.046300 seconds
Number of updated asset objects reloaded before import = 0
Number of asset objects unloaded after import = 223
========================================================================
Received Import Request.
  Time since last request: 0.000040 seconds.
  path: Assets/Course Library/Characters/Farm/SimpleFarmer_Woman_02_White.prefab
  artifactKey: Guid(7169122e91e1981469b2b6045ddf7963) Importer(815301076,1909f56bfc062723c751e8b465ee728b)
Start importing Assets/Course Library/Characters/Farm/SimpleFarmer_Woman_02_White.prefab using Guid(7169122e91e1981469b2b6045ddf7963) Importer(815301076,1909f56bfc062723c751e8b465ee728b)  -> (artifact id: '7cd557fbccdefbf90ae8340e1bf77a63') in 0.040185 seconds
Number of updated asset objects reloaded before import = 0
Number of asset objects unloaded after import = 225
========================================================================
Received Import Request.
  Time since last request: 0.000050 seconds.
  path: Assets/Course Library/Characters/Farm/SimpleFarmer_Man_01_White.prefab
  artifactKey: Guid(3bd8a450fcb589542a7843ea7bda2ee6) Importer(815301076,1909f56bfc062723c751e8b465ee728b)
Start importing Assets/Course Library/Characters/Farm/SimpleFarmer_Man_01_White.prefab using Guid(3bd8a450fcb589542a7843ea7bda2ee6) Importer(815301076,1909f56bfc062723c751e8b465ee728b)  -> (artifact id: '63ab7dcc51abed50d65f5572cf6fd519') in 0.051027 seconds
Number of updated asset objects reloaded before import = 0
Number of asset objects unloaded after import = 223
Editor requested this worker to shutdown with reason: Scaling down because of idle timeout
TcpMessagingSession - receive error: operation aborted. errorcode: 995, details: 스레드 종료 또는 응용 프로그램 요청 때문에 I/O 작업이 취소되었습니다.
AssetImportWorker is now disconnected from the server
Process exiting
Exiting without the bug reporter. Application will terminate with return code 0